{"D:\\Hacktiv8\\Phase 2\\Project\\IP-HCK81\\server\\app.js": {"path":"D:\\Hacktiv8\\Phase 2\\Project\\IP-HCK81\\server\\app.js","statementMap":{"0":{"start":{"line":1,"column":0},"end":{"line":1,"column":27}},"1":{"start":{"line":2,"column":16},"end":{"line":2,"column":34}},"2":{"start":{"line":3,"column":12},"end":{"line":3,"column":21}},"3":{"start":{"line":4,"column":19},"end":{"line":4,"column":49}},"4":{"start":{"line":5,"column":19},"end":{"line":5,"column":49}},"5":{"start":{"line":6,"column":22},"end":{"line":6,"column":41}},"6":{"start":{"line":7,"column":13},"end":{"line":7,"column":28}},"7":{"start":{"line":10,"column":0},"end":{"line":10,"column":16}},"8":{"start":{"line":11,"column":0},"end":{"line":11,"column":24}},"9":{"start":{"line":15,"column":0},"end":{"line":15,"column":33}},"10":{"start":{"line":16,"column":0},"end":{"line":16,"column":33}},"11":{"start":{"line":19,"column":0},"end":{"line":21,"column":3}},"12":{"start":{"line":20,"column":4},"end":{"line":20,"column":31}},"13":{"start":{"line":24,"column":0},"end":{"line":27,"column":3}},"14":{"start":{"line":25,"column":4},"end":{"line":25,"column":29}},"15":{"start":{"line":26,"column":4},"end":{"line":26,"column":61}},"16":{"start":{"line":29,"column":0},"end":{"line":29,"column":21}}},"fnMap":{"0":{"name":"(anonymous_0)","decl":{"start":{"line":19,"column":19},"end":{"line":19,"column":20}},"loc":{"start":{"line":19,"column":33},"end":{"line":21,"column":1}},"line":19},"1":{"name":"(anonymous_1)","decl":{"start":{"line":24,"column":8},"end":{"line":24,"column":9}},"loc":{"start":{"line":24,"column":33},"end":{"line":27,"column":1}},"line":24}},"branchMap":{},"s":{"0":3,"1":3,"2":3,"3":3,"4":3,"5":3,"6":3,"7":3,"8":3,"9":3,"10":3,"11":3,"12":1,"13":3,"14":1,"15":1,"16":3},"f":{"0":1,"1":1},"b":{},"_coverageSchema":"1a1c01bbd47fc00a2c39e90264f33305004495a9","hash":"2f1ffba0299044850cc5a69fbc26f0923dbb3259"}
,"D:\\Hacktiv8\\Phase 2\\Project\\IP-HCK81\\server\\bin\\www.js": {"path":"D:\\Hacktiv8\\Phase 2\\Project\\IP-HCK81\\server\\bin\\www.js","statementMap":{"0":{"start":{"line":1,"column":12},"end":{"line":1,"column":29}},"1":{"start":{"line":4,"column":13},"end":{"line":4,"column":37}},"2":{"start":{"line":5,"column":0},"end":{"line":13,"column":3}},"3":{"start":{"line":6,"column":4},"end":{"line":6,"column":52}},"4":{"start":{"line":7,"column":4},"end":{"line":12,"column":5}},"5":{"start":{"line":8,"column":8},"end":{"line":8,"column":39}},"6":{"start":{"line":9,"column":8},"end":{"line":9,"column":69}},"7":{"start":{"line":11,"column":8},"end":{"line":11,"column":67}}},"fnMap":{"0":{"name":"(anonymous_0)","decl":{"start":{"line":5,"column":17},"end":{"line":5,"column":18}},"loc":{"start":{"line":5,"column":29},"end":{"line":13,"column":1}},"line":5}},"branchMap":{"0":{"loc":{"start":{"line":4,"column":13},"end":{"line":4,"column":37}},"type":"binary-expr","locations":[{"start":{"line":4,"column":13},"end":{"line":4,"column":29}},{"start":{"line":4,"column":33},"end":{"line":4,"column":37}}],"line":4}},"s":{"0":0,"1":0,"2":0,"3":0,"4":0,"5":0,"6":0,"7":0},"f":{"0":0},"b":{"0":[0,0]}}
,"D:\\Hacktiv8\\Phase 2\\Project\\IP-HCK81\\server\\config\\config.js": {"path":"D:\\Hacktiv8\\Phase 2\\Project\\IP-HCK81\\server\\config\\config.js","statementMap":{"0":{"start":{"line":1,"column":0},"end":{"line":1,"column":27}},"1":{"start":{"line":3,"column":0},"end":{"line":31,"column":1}}},"fnMap":{},"branchMap":{},"s":{"0":5,"1":5},"f":{},"b":{},"_coverageSchema":"1a1c01bbd47fc00a2c39e90264f33305004495a9","hash":"46f4693b384502071e276e03a11ec275f1fb2220"}
,"D:\\Hacktiv8\\Phase 2\\Project\\IP-HCK81\\server\\controllers\\authController.js": {"path":"D:\\Hacktiv8\\Phase 2\\Project\\IP-HCK81\\server\\controllers\\authController.js","statementMap":{"0":{"start":{"line":2,"column":17},"end":{"line":2,"column":37}},"1":{"start":{"line":3,"column":12},"end":{"line":3,"column":35}},"2":{"start":{"line":4,"column":25},"end":{"line":4,"column":55}},"3":{"start":{"line":6,"column":21},"end":{"line":6,"column":67}},"4":{"start":{"line":8,"column":23},"end":{"line":156,"column":1}},"5":{"start":{"line":10,"column":2},"end":{"line":47,"column":3}},"6":{"start":{"line":11,"column":37},"end":{"line":11,"column":45}},"7":{"start":{"line":14,"column":24},"end":{"line":14,"column":64}},"8":{"start":{"line":15,"column":3},"end":{"line":17,"column":4}},"9":{"start":{"line":16,"column":4},"end":{"line":16,"column":71}},"10":{"start":{"line":20,"column":19},"end":{"line":24,"column":5}},"11":{"start":{"line":27,"column":17},"end":{"line":27,"column":154}},"12":{"start":{"line":29,"column":3},"end":{"line":37,"column":6}},"13":{"start":{"line":39,"column":3},"end":{"line":39,"column":47}},"14":{"start":{"line":40,"column":3},"end":{"line":45,"column":4}},"15":{"start":{"line":41,"column":4},"end":{"line":44,"column":7}},"16":{"start":{"line":43,"column":38},"end":{"line":43,"column":47}},"17":{"start":{"line":46,"column":3},"end":{"line":46,"column":62}},"18":{"start":{"line":51,"column":2},"end":{"line":81,"column":3}},"19":{"start":{"line":52,"column":31},"end":{"line":52,"column":39}},"20":{"start":{"line":55,"column":21},"end":{"line":55,"column":61}},"21":{"start":{"line":56,"column":3},"end":{"line":58,"column":4}},"22":{"start":{"line":57,"column":4},"end":{"line":57,"column":66}},"23":{"start":{"line":61,"column":27},"end":{"line":61,"column":66}},"24":{"start":{"line":62,"column":3},"end":{"line":64,"column":4}},"25":{"start":{"line":63,"column":4},"end":{"line":63,"column":66}},"26":{"start":{"line":67,"column":17},"end":{"line":67,"column":160}},"27":{"start":{"line":69,"column":3},"end":{"line":77,"column":6}},"28":{"start":{"line":79,"column":3},"end":{"line":79,"column":40}},"29":{"start":{"line":80,"column":3},"end":{"line":80,"column":54}},"30":{"start":{"line":85,"column":2},"end":{"line":146,"column":3}},"31":{"start":{"line":86,"column":23},"end":{"line":86,"column":31}},"32":{"start":{"line":89,"column":18},"end":{"line":92,"column":5}},"33":{"start":{"line":94,"column":19},"end":{"line":94,"column":38}},"34":{"start":{"line":95,"column":3},"end":{"line":95,"column":43}},"35":{"start":{"line":97,"column":41},"end":{"line":97,"column":48}},"36":{"start":{"line":100,"column":19},"end":{"line":100,"column":59}},"37":{"start":{"line":101,"column":19},"end":{"line":101,"column":24}},"38":{"start":{"line":103,"column":3},"end":{"line":118,"column":4}},"39":{"start":{"line":105,"column":4},"end":{"line":111,"column":7}},"40":{"start":{"line":112,"column":4},"end":{"line":112,"column":21}},"41":{"start":{"line":115,"column":4},"end":{"line":117,"column":5}},"42":{"start":{"line":116,"column":5},"end":{"line":116,"column":47}},"43":{"start":{"line":121,"column":17},"end":{"line":130,"column":4}},"44":{"start":{"line":132,"column":3},"end":{"line":142,"column":6}},"45":{"start":{"line":144,"column":3},"end":{"line":144,"column":47}},"46":{"start":{"line":145,"column":3},"end":{"line":145,"column":73}},"47":{"start":{"line":151,"column":2},"end":{"line":154,"column":5}},"48":{"start":{"line":158,"column":0},"end":{"line":158,"column":32}}},"fnMap":{"0":{"name":"(anonymous_0)","decl":{"start":{"line":9,"column":1},"end":{"line":9,"column":2}},"loc":{"start":{"line":9,"column":26},"end":{"line":48,"column":2}},"line":9},"1":{"name":"(anonymous_1)","decl":{"start":{"line":43,"column":31},"end":{"line":43,"column":32}},"loc":{"start":{"line":43,"column":38},"end":{"line":43,"column":47}},"line":43},"2":{"name":"(anonymous_2)","decl":{"start":{"line":50,"column":1},"end":{"line":50,"column":2}},"loc":{"start":{"line":50,"column":23},"end":{"line":82,"column":2}},"line":50},"3":{"name":"(anonymous_3)","decl":{"start":{"line":84,"column":1},"end":{"line":84,"column":2}},"loc":{"start":{"line":84,"column":29},"end":{"line":147,"column":2}},"line":84},"4":{"name":"(anonymous_4)","decl":{"start":{"line":150,"column":1},"end":{"line":150,"column":2}},"loc":{"start":{"line":150,"column":29},"end":{"line":155,"column":2}},"line":150}},"branchMap":{"0":{"loc":{"start":{"line":15,"column":3},"end":{"line":17,"column":4}},"type":"if","locations":[{"start":{"line":15,"column":3},"end":{"line":17,"column":4}},{"start":{},"end":{}}],"line":15},"1":{"loc":{"start":{"line":40,"column":3},"end":{"line":45,"column":4}},"type":"if","locations":[{"start":{"line":40,"column":3},"end":{"line":45,"column":4}},{"start":{},"end":{}}],"line":40},"2":{"loc":{"start":{"line":56,"column":3},"end":{"line":58,"column":4}},"type":"if","locations":[{"start":{"line":56,"column":3},"end":{"line":58,"column":4}},{"start":{},"end":{}}],"line":56},"3":{"loc":{"start":{"line":62,"column":3},"end":{"line":64,"column":4}},"type":"if","locations":[{"start":{"line":62,"column":3},"end":{"line":64,"column":4}},{"start":{},"end":{}}],"line":62},"4":{"loc":{"start":{"line":103,"column":3},"end":{"line":118,"column":4}},"type":"if","locations":[{"start":{"line":103,"column":3},"end":{"line":118,"column":4}},{"start":{"line":113,"column":10},"end":{"line":118,"column":4}}],"line":103},"5":{"loc":{"start":{"line":115,"column":4},"end":{"line":117,"column":5}},"type":"if","locations":[{"start":{"line":115,"column":4},"end":{"line":117,"column":5}},{"start":{},"end":{}}],"line":115},"6":{"loc":{"start":{"line":133,"column":13},"end":{"line":133,"column":79}},"type":"cond-expr","locations":[{"start":{"line":133,"column":25},"end":{"line":133,"column":51}},{"start":{"line":133,"column":54},"end":{"line":133,"column":79}}],"line":133},"7":{"loc":{"start":{"line":139,"column":14},"end":{"line":139,"column":29}},"type":"binary-expr","locations":[{"start":{"line":139,"column":14},"end":{"line":139,"column":21}},{"start":{"line":139,"column":25},"end":{"line":139,"column":29}}],"line":139}},"s":{"0":3,"1":3,"2":3,"3":3,"4":3,"5":3,"6":3,"7":3,"8":3,"9":1,"10":2,"11":1,"12":1,"13":1,"14":1,"15":1,"16":2,"17":0,"18":3,"19":3,"20":3,"21":3,"22":1,"23":2,"24":2,"25":1,"26":1,"27":1,"28":0,"29":0,"30":0,"31":0,"32":0,"33":0,"34":0,"35":0,"36":0,"37":0,"38":0,"39":0,"40":0,"41":0,"42":0,"43":0,"44":0,"45":0,"46":0,"47":1,"48":3},"f":{"0":3,"1":2,"2":3,"3":0,"4":1},"b":{"0":[1,2],"1":[1,0],"2":[1,2],"3":[1,1],"4":[0,0],"5":[0,0],"6":[0,0],"7":[0,0]},"_coverageSchema":"1a1c01bbd47fc00a2c39e90264f33305004495a9","hash":"a3de2d2c66302bae37bf3b8066cc442ecf54ef17"}
,"D:\\Hacktiv8\\Phase 2\\Project\\IP-HCK81\\server\\controllers\\gameController.js": {"path":"D:\\Hacktiv8\\Phase 2\\Project\\IP-HCK81\\server\\controllers\\gameController.js","statementMap":{"0":{"start":{"line":1,"column":52},"end":{"line":1,"column":72}},"1":{"start":{"line":2,"column":36},"end":{"line":2,"column":64}},"2":{"start":{"line":5,"column":24},"end":{"line":11,"column":1}},"3":{"start":{"line":6,"column":24},"end":{"line":6,"column":61}},"4":{"start":{"line":7,"column":4},"end":{"line":9,"column":5}},"5":{"start":{"line":8,"column":8},"end":{"line":8,"column":50}},"6":{"start":{"line":10,"column":4},"end":{"line":10,"column":23}},"7":{"start":{"line":14,"column":32},"end":{"line":48,"column":1}},"8":{"start":{"line":15,"column":26},"end":{"line":46,"column":5}},"9":{"start":{"line":47,"column":4},"end":{"line":47,"column":46}},"10":{"start":{"line":51,"column":31},"end":{"line":61,"column":1}},"11":{"start":{"line":52,"column":29},"end":{"line":59,"column":5}},"12":{"start":{"line":60,"column":4},"end":{"line":60,"column":55}},"13":{"start":{"line":63,"column":23},"end":{"line":325,"column":1}},"14":{"start":{"line":65,"column":8},"end":{"line":80,"column":9}},"15":{"start":{"line":66,"column":32},"end":{"line":69,"column":14}},"16":{"start":{"line":71,"column":12},"end":{"line":71,"column":58}},"17":{"start":{"line":72,"column":12},"end":{"line":72,"column":57}},"18":{"start":{"line":74,"column":12},"end":{"line":77,"column":15}},"19":{"start":{"line":79,"column":12},"end":{"line":79,"column":24}},"20":{"start":{"line":84,"column":8},"end":{"line":193,"column":9}},"21":{"start":{"line":85,"column":34},"end":{"line":85,"column":44}},"22":{"start":{"line":86,"column":32},"end":{"line":86,"column":64}},"23":{"start":{"line":88,"column":31},"end":{"line":88,"column":80}},"24":{"start":{"line":89,"column":32},"end":{"line":92,"column":14}},"25":{"start":{"line":94,"column":40},"end":{"line":94,"column":79}},"26":{"start":{"line":94,"column":65},"end":{"line":94,"column":78}},"27":{"start":{"line":95,"column":41},"end":{"line":99,"column":15}},"28":{"start":{"line":95,"column":68},"end":{"line":99,"column":13}},"29":{"start":{"line":102,"column":33},"end":{"line":113,"column":13}},"30":{"start":{"line":116,"column":28},"end":{"line":116,"column":114}},"31":{"start":{"line":118,"column":12},"end":{"line":126,"column":13}},"32":{"start":{"line":119,"column":16},"end":{"line":125,"column":18}},"33":{"start":{"line":120,"column":70},"end":{"line":124,"column":21}},"34":{"start":{"line":128,"column":12},"end":{"line":139,"column":13}},"35":{"start":{"line":129,"column":16},"end":{"line":138,"column":18}},"36":{"start":{"line":131,"column":45},"end":{"line":133,"column":25}},"37":{"start":{"line":132,"column":35},"end":{"line":132,"column":95}},"38":{"start":{"line":134,"column":24},"end":{"line":136,"column":25}},"39":{"start":{"line":135,"column":28},"end":{"line":135,"column":60}},"40":{"start":{"line":142,"column":12},"end":{"line":182,"column":13}},"41":{"start":{"line":143,"column":32},"end":{"line":143,"column":63}},"42":{"start":{"line":146,"column":16},"end":{"line":149,"column":17}},"43":{"start":{"line":147,"column":20},"end":{"line":147,"column":62}},"44":{"start":{"line":148,"column":20},"end":{"line":148,"column":69}},"45":{"start":{"line":148,"column":47},"end":{"line":148,"column":69}},"46":{"start":{"line":150,"column":16},"end":{"line":153,"column":17}},"47":{"start":{"line":151,"column":20},"end":{"line":151,"column":70}},"48":{"start":{"line":152,"column":20},"end":{"line":152,"column":77}},"49":{"start":{"line":152,"column":51},"end":{"line":152,"column":77}},"50":{"start":{"line":154,"column":16},"end":{"line":157,"column":17}},"51":{"start":{"line":155,"column":20},"end":{"line":155,"column":58}},"52":{"start":{"line":156,"column":20},"end":{"line":156,"column":65}},"53":{"start":{"line":156,"column":45},"end":{"line":156,"column":65}},"54":{"start":{"line":158,"column":16},"end":{"line":172,"column":17}},"55":{"start":{"line":159,"column":20},"end":{"line":171,"column":21}},"56":{"start":{"line":161,"column":24},"end":{"line":163,"column":25}},"57":{"start":{"line":162,"column":28},"end":{"line":162,"column":78}},"58":{"start":{"line":165,"column":24},"end":{"line":167,"column":25}},"59":{"start":{"line":166,"column":28},"end":{"line":166,"column":53}},"60":{"start":{"line":169,"column":24},"end":{"line":169,"column":68}},"61":{"start":{"line":170,"column":24},"end":{"line":170,"column":49}},"62":{"start":{"line":173,"column":16},"end":{"line":175,"column":17}},"63":{"start":{"line":174,"column":20},"end":{"line":174,"column":42}},"64":{"start":{"line":177,"column":16},"end":{"line":181,"column":17}},"65":{"start":{"line":178,"column":20},"end":{"line":178,"column":54}},"66":{"start":{"line":180,"column":20},"end":{"line":180,"column":69}},"67":{"start":{"line":184,"column":12},"end":{"line":190,"column":15}},"68":{"start":{"line":186,"column":63},"end":{"line":189,"column":17}},"69":{"start":{"line":192,"column":12},"end":{"line":192,"column":24}},"70":{"start":{"line":197,"column":8},"end":{"line":213,"column":9}},"71":{"start":{"line":198,"column":34},"end":{"line":198,"column":44}},"72":{"start":{"line":199,"column":43},"end":{"line":199,"column":51}},"73":{"start":{"line":201,"column":12},"end":{"line":201,"column":45}},"74":{"start":{"line":203,"column":12},"end":{"line":208,"column":15}},"75":{"start":{"line":210,"column":12},"end":{"line":210,"column":66}},"76":{"start":{"line":212,"column":12},"end":{"line":212,"column":24}},"77":{"start":{"line":217,"column":8},"end":{"line":229,"column":9}},"78":{"start":{"line":218,"column":34},"end":{"line":218,"column":44}},"79":{"start":{"line":219,"column":12},"end":{"line":219,"column":45}},"80":{"start":{"line":221,"column":36},"end":{"line":224,"column":14}},"81":{"start":{"line":226,"column":12},"end":{"line":226,"column":42}},"82":{"start":{"line":228,"column":12},"end":{"line":228,"column":24}},"83":{"start":{"line":233,"column":8},"end":{"line":248,"column":9}},"84":{"start":{"line":234,"column":34},"end":{"line":234,"column":44}},"85":{"start":{"line":235,"column":32},"end":{"line":235,"column":64}},"86":{"start":{"line":237,"column":12},"end":{"line":245,"column":15}},"87":{"start":{"line":247,"column":12},"end":{"line":247,"column":24}},"88":{"start":{"line":252,"column":8},"end":{"line":273,"column":9}},"89":{"start":{"line":253,"column":34},"end":{"line":253,"column":44}},"90":{"start":{"line":254,"column":12},"end":{"line":254,"column":45}},"91":{"start":{"line":256,"column":31},"end":{"line":268,"column":14}},"92":{"start":{"line":270,"column":12},"end":{"line":270,"column":37}},"93":{"start":{"line":272,"column":12},"end":{"line":272,"column":24}},"94":{"start":{"line":278,"column":8},"end":{"line":289,"column":9}},"95":{"start":{"line":279,"column":27},"end":{"line":279,"column":38}},"96":{"start":{"line":281,"column":29},"end":{"line":284,"column":14}},"97":{"start":{"line":286,"column":12},"end":{"line":286,"column":35}},"98":{"start":{"line":288,"column":12},"end":{"line":288,"column":24}},"99":{"start":{"line":293,"column":8},"end":{"line":323,"column":9}},"100":{"start":{"line":294,"column":34},"end":{"line":294,"column":44}},"101":{"start":{"line":295,"column":27},"end":{"line":295,"column":38}},"102":{"start":{"line":298,"column":28},"end":{"line":303,"column":14}},"103":{"start":{"line":305,"column":12},"end":{"line":307,"column":13}},"104":{"start":{"line":306,"column":16},"end":{"line":306,"column":92}},"105":{"start":{"line":311,"column":12},"end":{"line":311,"column":68}},"106":{"start":{"line":314,"column":12},"end":{"line":314,"column":62}},"107":{"start":{"line":317,"column":12},"end":{"line":317,"column":36}},"108":{"start":{"line":319,"column":12},"end":{"line":319,"column":66}},"109":{"start":{"line":321,"column":12},"end":{"line":321,"column":60}},"110":{"start":{"line":322,"column":12},"end":{"line":322,"column":72}},"111":{"start":{"line":327,"column":0},"end":{"line":327,"column":32}}},"fnMap":{"0":{"name":"(anonymous_0)","decl":{"start":{"line":5,"column":24},"end":{"line":5,"column":25}},"loc":{"start":{"line":5,"column":45},"end":{"line":11,"column":1}},"line":5},"1":{"name":"(anonymous_1)","decl":{"start":{"line":14,"column":32},"end":{"line":14,"column":33}},"loc":{"start":{"line":14,"column":57},"end":{"line":48,"column":1}},"line":14},"2":{"name":"(anonymous_2)","decl":{"start":{"line":51,"column":31},"end":{"line":51,"column":32}},"loc":{"start":{"line":51,"column":56},"end":{"line":61,"column":1}},"line":51},"3":{"name":"(anonymous_3)","decl":{"start":{"line":64,"column":4},"end":{"line":64,"column":5}},"loc":{"start":{"line":64,"column":35},"end":{"line":81,"column":5}},"line":64},"4":{"name":"(anonymous_4)","decl":{"start":{"line":83,"column":4},"end":{"line":83,"column":5}},"loc":{"start":{"line":83,"column":37},"end":{"line":194,"column":5}},"line":83},"5":{"name":"(anonymous_5)","decl":{"start":{"line":94,"column":55},"end":{"line":94,"column":56}},"loc":{"start":{"line":94,"column":65},"end":{"line":94,"column":78}},"line":94},"6":{"name":"(anonymous_6)","decl":{"start":{"line":95,"column":57},"end":{"line":95,"column":58}},"loc":{"start":{"line":95,"column":68},"end":{"line":99,"column":13}},"line":95},"7":{"name":"(anonymous_7)","decl":{"start":{"line":120,"column":55},"end":{"line":120,"column":56}},"loc":{"start":{"line":120,"column":70},"end":{"line":124,"column":21}},"line":120},"8":{"name":"(anonymous_8)","decl":{"start":{"line":130,"column":35},"end":{"line":130,"column":36}},"loc":{"start":{"line":130,"column":51},"end":{"line":137,"column":21}},"line":130},"9":{"name":"(anonymous_9)","decl":{"start":{"line":132,"column":28},"end":{"line":132,"column":29}},"loc":{"start":{"line":132,"column":35},"end":{"line":132,"column":95}},"line":132},"10":{"name":"(anonymous_10)","decl":{"start":{"line":186,"column":53},"end":{"line":186,"column":54}},"loc":{"start":{"line":186,"column":63},"end":{"line":189,"column":17}},"line":186},"11":{"name":"(anonymous_11)","decl":{"start":{"line":196,"column":4},"end":{"line":196,"column":5}},"loc":{"start":{"line":196,"column":39},"end":{"line":214,"column":5}},"line":196},"12":{"name":"(anonymous_12)","decl":{"start":{"line":216,"column":4},"end":{"line":216,"column":5}},"loc":{"start":{"line":216,"column":45},"end":{"line":230,"column":5}},"line":216},"13":{"name":"(anonymous_13)","decl":{"start":{"line":232,"column":4},"end":{"line":232,"column":5}},"loc":{"start":{"line":232,"column":42},"end":{"line":249,"column":5}},"line":232},"14":{"name":"(anonymous_14)","decl":{"start":{"line":251,"column":4},"end":{"line":251,"column":5}},"loc":{"start":{"line":251,"column":40},"end":{"line":274,"column":5}},"line":251},"15":{"name":"(anonymous_15)","decl":{"start":{"line":277,"column":4},"end":{"line":277,"column":5}},"loc":{"start":{"line":277,"column":42},"end":{"line":290,"column":5}},"line":277},"16":{"name":"(anonymous_16)","decl":{"start":{"line":292,"column":4},"end":{"line":292,"column":5}},"loc":{"start":{"line":292,"column":40},"end":{"line":324,"column":5}},"line":292}},"branchMap":{"0":{"loc":{"start":{"line":7,"column":4},"end":{"line":9,"column":5}},"type":"if","locations":[{"start":{"line":7,"column":4},"end":{"line":9,"column":5}},{"start":{},"end":{}}],"line":7},"1":{"loc":{"start":{"line":108,"column":27},"end":{"line":110,"column":66}},"type":"cond-expr","locations":[{"start":{"line":109,"column":22},"end":{"line":109,"column":61}},{"start":{"line":110,"column":22},"end":{"line":110,"column":66}}],"line":108},"2":{"loc":{"start":{"line":110,"column":22},"end":{"line":110,"column":66}},"type":"binary-expr","locations":[{"start":{"line":110,"column":22},"end":{"line":110,"column":49}},{"start":{"line":110,"column":53},"end":{"line":110,"column":66}}],"line":110},"3":{"loc":{"start":{"line":118,"column":12},"end":{"line":126,"column":13}},"type":"if","locations":[{"start":{"line":118,"column":12},"end":{"line":126,"column":13}},{"start":{},"end":{}}],"line":118},"4":{"loc":{"start":{"line":128,"column":12},"end":{"line":139,"column":13}},"type":"if","locations":[{"start":{"line":128,"column":12},"end":{"line":139,"column":13}},{"start":{},"end":{}}],"line":128},"5":{"loc":{"start":{"line":132,"column":35},"end":{"line":132,"column":95}},"type":"binary-expr","locations":[{"start":{"line":132,"column":35},"end":{"line":132,"column":55}},{"start":{"line":132,"column":59},"end":{"line":132,"column":95}}],"line":132},"6":{"loc":{"start":{"line":134,"column":24},"end":{"line":136,"column":25}},"type":"if","locations":[{"start":{"line":134,"column":24},"end":{"line":136,"column":25}},{"start":{},"end":{}}],"line":134},"7":{"loc":{"start":{"line":142,"column":12},"end":{"line":182,"column":13}},"type":"if","locations":[{"start":{"line":142,"column":12},"end":{"line":182,"column":13}},{"start":{},"end":{}}],"line":142},"8":{"loc":{"start":{"line":146,"column":16},"end":{"line":149,"column":17}},"type":"if","locations":[{"start":{"line":146,"column":16},"end":{"line":149,"column":17}},{"start":{},"end":{}}],"line":146},"9":{"loc":{"start":{"line":148,"column":20},"end":{"line":148,"column":69}},"type":"if","locations":[{"start":{"line":148,"column":20},"end":{"line":148,"column":69}},{"start":{},"end":{}}],"line":148},"10":{"loc":{"start":{"line":150,"column":16},"end":{"line":153,"column":17}},"type":"if","locations":[{"start":{"line":150,"column":16},"end":{"line":153,"column":17}},{"start":{},"end":{}}],"line":150},"11":{"loc":{"start":{"line":152,"column":20},"end":{"line":152,"column":77}},"type":"if","locations":[{"start":{"line":152,"column":20},"end":{"line":152,"column":77}},{"start":{},"end":{}}],"line":152},"12":{"loc":{"start":{"line":154,"column":16},"end":{"line":157,"column":17}},"type":"if","locations":[{"start":{"line":154,"column":16},"end":{"line":157,"column":17}},{"start":{},"end":{}}],"line":154},"13":{"loc":{"start":{"line":156,"column":20},"end":{"line":156,"column":65}},"type":"if","locations":[{"start":{"line":156,"column":20},"end":{"line":156,"column":65}},{"start":{},"end":{}}],"line":156},"14":{"loc":{"start":{"line":158,"column":16},"end":{"line":172,"column":17}},"type":"if","locations":[{"start":{"line":158,"column":16},"end":{"line":172,"column":17}},{"start":{},"end":{}}],"line":158},"15":{"loc":{"start":{"line":161,"column":24},"end":{"line":163,"column":25}},"type":"if","locations":[{"start":{"line":161,"column":24},"end":{"line":163,"column":25}},{"start":{},"end":{}}],"line":161},"16":{"loc":{"start":{"line":165,"column":24},"end":{"line":167,"column":25}},"type":"if","locations":[{"start":{"line":165,"column":24},"end":{"line":167,"column":25}},{"start":{},"end":{}}],"line":165},"17":{"loc":{"start":{"line":165,"column":28},"end":{"line":165,"column":130}},"type":"binary-expr","locations":[{"start":{"line":165,"column":28},"end":{"line":165,"column":46}},{"start":{"line":165,"column":50},"end":{"line":165,"column":87}},{"start":{"line":165,"column":91},"end":{"line":165,"column":130}}],"line":165},"18":{"loc":{"start":{"line":173,"column":16},"end":{"line":175,"column":17}},"type":"if","locations":[{"start":{"line":173,"column":16},"end":{"line":175,"column":17}},{"start":{},"end":{}}],"line":173},"19":{"loc":{"start":{"line":173,"column":20},"end":{"line":173,"column":100}},"type":"binary-expr","locations":[{"start":{"line":173,"column":20},"end":{"line":173,"column":34}},{"start":{"line":173,"column":38},"end":{"line":173,"column":100}}],"line":173},"20":{"loc":{"start":{"line":188,"column":81},"end":{"line":188,"column":111}},"type":"binary-expr","locations":[{"start":{"line":188,"column":81},"end":{"line":188,"column":95}},{"start":{"line":188,"column":99},"end":{"line":188,"column":111}}],"line":188},"21":{"loc":{"start":{"line":243,"column":27},"end":{"line":243,"column":112}},"type":"cond-expr","locations":[{"start":{"line":243,"column":57},"end":{"line":243,"column":96}},{"start":{"line":243,"column":99},"end":{"line":243,"column":112}}],"line":243},"22":{"loc":{"start":{"line":305,"column":12},"end":{"line":307,"column":13}},"type":"if","locations":[{"start":{"line":305,"column":12},"end":{"line":307,"column":13}},{"start":{},"end":{}}],"line":305}},"s":{"0":3,"1":3,"2":3,"3":6,"4":6,"5":1,"6":5,"7":3,"8":1,"9":1,"10":3,"11":1,"12":1,"13":3,"14":1,"15":1,"16":1,"17":1,"18":1,"19":0,"20":2,"21":2,"22":2,"23":1,"24":1,"25":1,"26":2,"27":1,"28":1,"29":1,"30":1,"31":1,"32":1,"33":1,"34":1,"35":0,"36":0,"37":0,"38":0,"39":0,"40":1,"41":1,"42":1,"43":0,"44":0,"45":0,"46":1,"47":0,"48":0,"49":0,"50":1,"51":0,"52":0,"53":0,"54":1,"55":0,"56":0,"57":0,"58":0,"59":0,"60":0,"61":0,"62":1,"63":0,"64":1,"65":1,"66":0,"67":1,"68":4,"69":1,"70":1,"71":1,"72":1,"73":1,"74":1,"75":1,"76":0,"77":1,"78":1,"79":1,"80":1,"81":1,"82":0,"83":1,"84":1,"85":1,"86":1,"87":0,"88":1,"89":1,"90":1,"91":1,"92":1,"93":0,"94":1,"95":1,"96":1,"97":1,"98":0,"99":2,"100":2,"101":2,"102":2,"103":2,"104":1,"105":1,"106":1,"107":1,"108":1,"109":0,"110":0,"111":3},"f":{"0":6,"1":1,"2":1,"3":1,"4":2,"5":2,"6":1,"7":1,"8":0,"9":0,"10":4,"11":1,"12":1,"13":1,"14":1,"15":1,"16":2},"b":{"0":[1,5],"1":[1,0],"2":[0,0],"3":[1,0],"4":[0,1],"5":[0,0],"6":[0,0],"7":[1,0],"8":[0,1],"9":[0,0],"10":[0,1],"11":[0,0],"12":[0,1],"13":[0,0],"14":[0,1],"15":[0,0],"16":[0,0],"17":[0,0,0],"18":[0,1],"19":[1,0],"20":[4,0],"21":[1,0],"22":[1,1]},"_coverageSchema":"1a1c01bbd47fc00a2c39e90264f33305004495a9","hash":"d42daf9cfe10cf2701914563f042b7f483df2e04"}
,"D:\\Hacktiv8\\Phase 2\\Project\\IP-HCK81\\server\\middleware\\authenticate.js": {"path":"D:\\Hacktiv8\\Phase 2\\Project\\IP-HCK81\\server\\middleware\\authenticate.js","statementMap":{"0":{"start":{"line":1,"column":12},"end":{"line":1,"column":35}},"1":{"start":{"line":2,"column":17},"end":{"line":2,"column":37}},"2":{"start":{"line":4,"column":21},"end":{"line":39,"column":1}},"3":{"start":{"line":5,"column":4},"end":{"line":38,"column":5}},"4":{"start":{"line":7,"column":27},"end":{"line":7,"column":52}},"5":{"start":{"line":8,"column":8},"end":{"line":10,"column":9}},"6":{"start":{"line":9,"column":12},"end":{"line":9,"column":72}},"7":{"start":{"line":13,"column":22},"end":{"line":13,"column":46}},"8":{"start":{"line":16,"column":24},"end":{"line":16,"column":65}},"9":{"start":{"line":19,"column":26},"end":{"line":19,"column":57}},"10":{"start":{"line":20,"column":8},"end":{"line":22,"column":9}},"11":{"start":{"line":21,"column":12},"end":{"line":21,"column":68}},"12":{"start":{"line":25,"column":8},"end":{"line":29,"column":10}},"13":{"start":{"line":31,"column":8},"end":{"line":31,"column":15}},"14":{"start":{"line":33,"column":8},"end":{"line":35,"column":9}},"15":{"start":{"line":34,"column":12},"end":{"line":34,"column":79}},"16":{"start":{"line":36,"column":8},"end":{"line":36,"column":54}},"17":{"start":{"line":37,"column":8},"end":{"line":37,"column":65}},"18":{"start":{"line":41,"column":0},"end":{"line":41,"column":34}}},"fnMap":{"0":{"name":"(anonymous_0)","decl":{"start":{"line":4,"column":21},"end":{"line":4,"column":22}},"loc":{"start":{"line":4,"column":47},"end":{"line":39,"column":1}},"line":4}},"branchMap":{"0":{"loc":{"start":{"line":8,"column":8},"end":{"line":10,"column":9}},"type":"if","locations":[{"start":{"line":8,"column":8},"end":{"line":10,"column":9}},{"start":{},"end":{}}],"line":8},"1":{"loc":{"start":{"line":8,"column":12},"end":{"line":8,"column":60}},"type":"binary-expr","locations":[{"start":{"line":8,"column":12},"end":{"line":8,"column":23}},{"start":{"line":8,"column":27},"end":{"line":8,"column":60}}],"line":8},"2":{"loc":{"start":{"line":20,"column":8},"end":{"line":22,"column":9}},"type":"if","locations":[{"start":{"line":20,"column":8},"end":{"line":22,"column":9}},{"start":{},"end":{}}],"line":20},"3":{"loc":{"start":{"line":33,"column":8},"end":{"line":35,"column":9}},"type":"if","locations":[{"start":{"line":33,"column":8},"end":{"line":35,"column":9}},{"start":{},"end":{}}],"line":33},"4":{"loc":{"start":{"line":33,"column":12},"end":{"line":33,"column":84}},"type":"binary-expr","locations":[{"start":{"line":33,"column":12},"end":{"line":33,"column":46}},{"start":{"line":33,"column":50},"end":{"line":33,"column":84}}],"line":33}},"s":{"0":4,"1":4,"2":4,"3":19,"4":19,"5":19,"6":4,"7":15,"8":15,"9":13,"10":13,"11":1,"12":12,"13":12,"14":2,"15":2,"16":0,"17":0,"18":4},"f":{"0":19},"b":{"0":[4,15],"1":[19,16],"2":[1,12],"3":[2,0],"4":[2,0]},"_coverageSchema":"1a1c01bbd47fc00a2c39e90264f33305004495a9","hash":"5745f7bc0c40532b00960320313c2c768c15325f"}
,"D:\\Hacktiv8\\Phase 2\\Project\\IP-HCK81\\server\\migrations\\20250325081330-create-user.js": {"path":"D:\\Hacktiv8\\Phase 2\\Project\\IP-HCK81\\server\\migrations\\20250325081330-create-user.js","statementMap":{"0":{"start":{"line":3,"column":0},"end":{"line":42,"column":2}},"1":{"start":{"line":5,"column":8},"end":{"line":37,"column":11}},"2":{"start":{"line":40,"column":8},"end":{"line":40,"column":48}}},"fnMap":{"0":{"name":"(anonymous_0)","decl":{"start":{"line":4,"column":4},"end":{"line":4,"column":5}},"loc":{"start":{"line":4,"column":40},"end":{"line":38,"column":5}},"line":4},"1":{"name":"(anonymous_1)","decl":{"start":{"line":39,"column":4},"end":{"line":39,"column":5}},"loc":{"start":{"line":39,"column":42},"end":{"line":41,"column":5}},"line":39}},"branchMap":{},"s":{"0":0,"1":0,"2":0},"f":{"0":0,"1":0},"b":{}}
,"D:\\Hacktiv8\\Phase 2\\Project\\IP-HCK81\\server\\migrations\\20250325081331-create-game-session.js": {"path":"D:\\Hacktiv8\\Phase 2\\Project\\IP-HCK81\\server\\migrations\\20250325081331-create-game-session.js","statementMap":{"0":{"start":{"line":3,"column":0},"end":{"line":44,"column":2}},"1":{"start":{"line":5,"column":8},"end":{"line":39,"column":11}},"2":{"start":{"line":42,"column":8},"end":{"line":42,"column":55}}},"fnMap":{"0":{"name":"(anonymous_0)","decl":{"start":{"line":4,"column":4},"end":{"line":4,"column":5}},"loc":{"start":{"line":4,"column":40},"end":{"line":40,"column":5}},"line":4},"1":{"name":"(anonymous_1)","decl":{"start":{"line":41,"column":4},"end":{"line":41,"column":5}},"loc":{"start":{"line":41,"column":42},"end":{"line":43,"column":5}},"line":41}},"branchMap":{},"s":{"0":0,"1":0,"2":0},"f":{"0":0,"1":0},"b":{}}
,"D:\\Hacktiv8\\Phase 2\\Project\\IP-HCK81\\server\\migrations\\20250325081333-create-character.js": {"path":"D:\\Hacktiv8\\Phase 2\\Project\\IP-HCK81\\server\\migrations\\20250325081333-create-character.js","statementMap":{"0":{"start":{"line":4,"column":0},"end":{"line":84,"column":2}},"1":{"start":{"line":6,"column":8},"end":{"line":78,"column":11}},"2":{"start":{"line":82,"column":8},"end":{"line":82,"column":53}}},"fnMap":{"0":{"name":"(anonymous_0)","decl":{"start":{"line":5,"column":4},"end":{"line":5,"column":5}},"loc":{"start":{"line":5,"column":40},"end":{"line":79,"column":5}},"line":5},"1":{"name":"(anonymous_1)","decl":{"start":{"line":81,"column":4},"end":{"line":81,"column":5}},"loc":{"start":{"line":81,"column":42},"end":{"line":83,"column":5}},"line":81}},"branchMap":{},"s":{"0":0,"1":0,"2":0},"f":{"0":0,"1":0},"b":{}}
,"D:\\Hacktiv8\\Phase 2\\Project\\IP-HCK81\\server\\migrations\\20250325081334-create-dialogue-history.js": {"path":"D:\\Hacktiv8\\Phase 2\\Project\\IP-HCK81\\server\\migrations\\20250325081334-create-dialogue-history.js","statementMap":{"0":{"start":{"line":4,"column":0},"end":{"line":49,"column":2}},"1":{"start":{"line":6,"column":8},"end":{"line":43,"column":11}},"2":{"start":{"line":47,"column":8},"end":{"line":47,"column":60}}},"fnMap":{"0":{"name":"(anonymous_0)","decl":{"start":{"line":5,"column":4},"end":{"line":5,"column":5}},"loc":{"start":{"line":5,"column":40},"end":{"line":44,"column":5}},"line":5},"1":{"name":"(anonymous_1)","decl":{"start":{"line":46,"column":4},"end":{"line":46,"column":5}},"loc":{"start":{"line":46,"column":42},"end":{"line":48,"column":5}},"line":46}},"branchMap":{},"s":{"0":0,"1":0,"2":0},"f":{"0":0,"1":0},"b":{}}
,"D:\\Hacktiv8\\Phase 2\\Project\\IP-HCK81\\server\\migrations\\20250325081350-add-player-stats.js": {"path":"D:\\Hacktiv8\\Phase 2\\Project\\IP-HCK81\\server\\migrations\\20250325081350-add-player-stats.js","statementMap":{"0":{"start":{"line":4,"column":0},"end":{"line":50,"column":2}},"1":{"start":{"line":6,"column":8},"end":{"line":10,"column":11}},"2":{"start":{"line":12,"column":8},"end":{"line":16,"column":11}},"3":{"start":{"line":18,"column":8},"end":{"line":22,"column":11}},"4":{"start":{"line":24,"column":8},"end":{"line":28,"column":11}},"5":{"start":{"line":30,"column":8},"end":{"line":34,"column":11}},"6":{"start":{"line":36,"column":8},"end":{"line":39,"column":11}},"7":{"start":{"line":43,"column":8},"end":{"line":43,"column":74}},"8":{"start":{"line":44,"column":8},"end":{"line":44,"column":77}},"9":{"start":{"line":45,"column":8},"end":{"line":45,"column":73}},"10":{"start":{"line":46,"column":8},"end":{"line":46,"column":71}},"11":{"start":{"line":47,"column":8},"end":{"line":47,"column":72}},"12":{"start":{"line":48,"column":8},"end":{"line":48,"column":77}}},"fnMap":{"0":{"name":"(anonymous_0)","decl":{"start":{"line":5,"column":4},"end":{"line":5,"column":5}},"loc":{"start":{"line":5,"column":40},"end":{"line":40,"column":5}},"line":5},"1":{"name":"(anonymous_1)","decl":{"start":{"line":42,"column":4},"end":{"line":42,"column":5}},"loc":{"start":{"line":42,"column":42},"end":{"line":49,"column":5}},"line":42}},"branchMap":{},"s":{"0":0,"1":0,"2":0,"3":0,"4":0,"5":0,"6":0,"7":0,"8":0,"9":0,"10":0,"11":0,"12":0},"f":{"0":0,"1":0},"b":{}}
,"D:\\Hacktiv8\\Phase 2\\Project\\IP-HCK81\\server\\models\\Character.js": {"path":"D:\\Hacktiv8\\Phase 2\\Project\\IP-HCK81\\server\\models\\Character.js","statementMap":{"0":{"start":{"line":2,"column":18},"end":{"line":2,"column":38}},"1":{"start":{"line":4,"column":0},"end":{"line":45,"column":2}},"2":{"start":{"line":8,"column":12},"end":{"line":8,"column":81}},"3":{"start":{"line":11,"column":12},"end":{"line":16,"column":15}},"4":{"start":{"line":19,"column":4},"end":{"line":43,"column":7}},"5":{"start":{"line":44,"column":4},"end":{"line":44,"column":21}}},"fnMap":{"0":{"name":"(anonymous_0)","decl":{"start":{"line":4,"column":17},"end":{"line":4,"column":18}},"loc":{"start":{"line":4,"column":43},"end":{"line":45,"column":1}},"line":4},"1":{"name":"(anonymous_1)","decl":{"start":{"line":6,"column":8},"end":{"line":6,"column":9}},"loc":{"start":{"line":6,"column":33},"end":{"line":17,"column":9}},"line":6}},"branchMap":{},"s":{"0":5,"1":5,"2":5,"3":5,"4":5,"5":5},"f":{"0":5,"1":5},"b":{},"_coverageSchema":"1a1c01bbd47fc00a2c39e90264f33305004495a9","hash":"60793d35887759e870df459f3604e50fed47717b"}
,"D:\\Hacktiv8\\Phase 2\\Project\\IP-HCK81\\server\\models\\DialogueHistory.js": {"path":"D:\\Hacktiv8\\Phase 2\\Project\\IP-HCK81\\server\\models\\DialogueHistory.js","statementMap":{"0":{"start":{"line":2,"column":18},"end":{"line":2,"column":38}},"1":{"start":{"line":4,"column":0},"end":{"line":48,"column":2}},"2":{"start":{"line":8,"column":12},"end":{"line":8,"column":87}},"3":{"start":{"line":12,"column":12},"end":{"line":17,"column":15}},"4":{"start":{"line":20,"column":4},"end":{"line":46,"column":7}},"5":{"start":{"line":47,"column":4},"end":{"line":47,"column":27}}},"fnMap":{"0":{"name":"(anonymous_0)","decl":{"start":{"line":4,"column":17},"end":{"line":4,"column":18}},"loc":{"start":{"line":4,"column":43},"end":{"line":48,"column":1}},"line":4},"1":{"name":"(anonymous_1)","decl":{"start":{"line":6,"column":8},"end":{"line":6,"column":9}},"loc":{"start":{"line":6,"column":33},"end":{"line":18,"column":9}},"line":6}},"branchMap":{},"s":{"0":5,"1":5,"2":5,"3":5,"4":5,"5":5},"f":{"0":5,"1":5},"b":{},"_coverageSchema":"1a1c01bbd47fc00a2c39e90264f33305004495a9","hash":"dc6358e007cc9c8e086d5b30a9b32cc4a5720f8e"}
,"D:\\Hacktiv8\\Phase 2\\Project\\IP-HCK81\\server\\models\\GameSession.js": {"path":"D:\\Hacktiv8\\Phase 2\\Project\\IP-HCK81\\server\\models\\GameSession.js","statementMap":{"0":{"start":{"line":2,"column":18},"end":{"line":2,"column":38}},"1":{"start":{"line":4,"column":0},"end":{"line":72,"column":2}},"2":{"start":{"line":8,"column":12},"end":{"line":8,"column":85}},"3":{"start":{"line":11,"column":12},"end":{"line":11,"column":73}},"4":{"start":{"line":14,"column":4},"end":{"line":70,"column":7}},"5":{"start":{"line":71,"column":4},"end":{"line":71,"column":23}}},"fnMap":{"0":{"name":"(anonymous_0)","decl":{"start":{"line":4,"column":17},"end":{"line":4,"column":18}},"loc":{"start":{"line":4,"column":43},"end":{"line":72,"column":1}},"line":4},"1":{"name":"(anonymous_1)","decl":{"start":{"line":6,"column":8},"end":{"line":6,"column":9}},"loc":{"start":{"line":6,"column":33},"end":{"line":12,"column":9}},"line":6}},"branchMap":{},"s":{"0":5,"1":5,"2":5,"3":5,"4":5,"5":5},"f":{"0":5,"1":5},"b":{},"_coverageSchema":"1a1c01bbd47fc00a2c39e90264f33305004495a9","hash":"011bca77e59ab3d212ed715d8e3f197f6156ac66"}
,"D:\\Hacktiv8\\Phase 2\\Project\\IP-HCK81\\server\\models\\index.js": {"path":"D:\\Hacktiv8\\Phase 2\\Project\\IP-HCK81\\server\\models\\index.js","statementMap":{"0":{"start":{"line":3,"column":11},"end":{"line":3,"column":24}},"1":{"start":{"line":4,"column":13},"end":{"line":4,"column":28}},"2":{"start":{"line":5,"column":18},"end":{"line":5,"column":38}},"3":{"start":{"line":6,"column":16},"end":{"line":6,"column":34}},"4":{"start":{"line":7,"column":17},"end":{"line":7,"column":42}},"5":{"start":{"line":8,"column":12},"end":{"line":8,"column":49}},"6":{"start":{"line":9,"column":15},"end":{"line":9,"column":63}},"7":{"start":{"line":10,"column":11},"end":{"line":10,"column":13}},"8":{"start":{"line":13,"column":0},"end":{"line":23,"column":1}},"9":{"start":{"line":14,"column":4},"end":{"line":17,"column":7}},"10":{"start":{"line":19,"column":4},"end":{"line":22,"column":7}},"11":{"start":{"line":25,"column":0},"end":{"line":38,"column":7}},"12":{"start":{"line":28,"column":8},"end":{"line":33,"column":10}},"13":{"start":{"line":36,"column":22},"end":{"line":36,"column":89}},"14":{"start":{"line":37,"column":8},"end":{"line":37,"column":31}},"15":{"start":{"line":40,"column":0},"end":{"line":44,"column":3}},"16":{"start":{"line":41,"column":4},"end":{"line":43,"column":5}},"17":{"start":{"line":42,"column":8},"end":{"line":42,"column":36}},"18":{"start":{"line":46,"column":0},"end":{"line":46,"column":25}},"19":{"start":{"line":47,"column":0},"end":{"line":47,"column":25}},"20":{"start":{"line":49,"column":0},"end":{"line":49,"column":20}}},"fnMap":{"0":{"name":"(anonymous_0)","decl":{"start":{"line":27,"column":12},"end":{"line":27,"column":13}},"loc":{"start":{"line":27,"column":20},"end":{"line":34,"column":5}},"line":27},"1":{"name":"(anonymous_1)","decl":{"start":{"line":35,"column":13},"end":{"line":35,"column":14}},"loc":{"start":{"line":35,"column":21},"end":{"line":38,"column":5}},"line":35},"2":{"name":"(anonymous_2)","decl":{"start":{"line":40,"column":24},"end":{"line":40,"column":25}},"loc":{"start":{"line":40,"column":37},"end":{"line":44,"column":1}},"line":40}},"branchMap":{"0":{"loc":{"start":{"line":8,"column":12},"end":{"line":8,"column":49}},"type":"binary-expr","locations":[{"start":{"line":8,"column":12},"end":{"line":8,"column":32}},{"start":{"line":8,"column":36},"end":{"line":8,"column":49}}],"line":8},"1":{"loc":{"start":{"line":13,"column":0},"end":{"line":23,"column":1}},"type":"if","locations":[{"start":{"line":13,"column":0},"end":{"line":23,"column":1}},{"start":{"line":18,"column":7},"end":{"line":23,"column":1}}],"line":13},"2":{"loc":{"start":{"line":29,"column":12},"end":{"line":32,"column":43}},"type":"binary-expr","locations":[{"start":{"line":29,"column":12},"end":{"line":29,"column":35}},{"start":{"line":30,"column":12},"end":{"line":30,"column":29}},{"start":{"line":31,"column":12},"end":{"line":31,"column":36}},{"start":{"line":32,"column":12},"end":{"line":32,"column":43}}],"line":29},"3":{"loc":{"start":{"line":41,"column":4},"end":{"line":43,"column":5}},"type":"if","locations":[{"start":{"line":41,"column":4},"end":{"line":43,"column":5}},{"start":{},"end":{}}],"line":41}},"s":{"0":5,"1":5,"2":5,"3":5,"4":5,"5":5,"6":5,"7":5,"8":5,"9":0,"10":5,"11":5,"12":25,"13":20,"14":20,"15":5,"16":20,"17":20,"18":5,"19":5,"20":5},"f":{"0":25,"1":20,"2":20},"b":{"0":[5,0],"1":[0,5],"2":[25,25,20,20],"3":[20,0]},"_coverageSchema":"1a1c01bbd47fc00a2c39e90264f33305004495a9","hash":"8bd9dbd0f9dbea9a3ffdb1f426006fd066059780"}
,"D:\\Hacktiv8\\Phase 2\\Project\\IP-HCK81\\server\\models\\user.js": {"path":"D:\\Hacktiv8\\Phase 2\\Project\\IP-HCK81\\server\\models\\user.js","statementMap":{"0":{"start":{"line":2,"column":18},"end":{"line":2,"column":38}},"1":{"start":{"line":3,"column":15},"end":{"line":3,"column":34}},"2":{"start":{"line":5,"column":0},"end":{"line":60,"column":2}},"3":{"start":{"line":9,"column":12},"end":{"line":9,"column":71}},"4":{"start":{"line":12,"column":4},"end":{"line":52,"column":7}},"5":{"start":{"line":46,"column":16},"end":{"line":49,"column":17}},"6":{"start":{"line":47,"column":33},"end":{"line":47,"column":57}},"7":{"start":{"line":48,"column":20},"end":{"line":48,"column":75}},"8":{"start":{"line":55,"column":4},"end":{"line":57,"column":6}},"9":{"start":{"line":56,"column":8},"end":{"line":56,"column":61}},"10":{"start":{"line":59,"column":4},"end":{"line":59,"column":16}}},"fnMap":{"0":{"name":"(anonymous_0)","decl":{"start":{"line":5,"column":17},"end":{"line":5,"column":18}},"loc":{"start":{"line":5,"column":43},"end":{"line":60,"column":1}},"line":5},"1":{"name":"(anonymous_1)","decl":{"start":{"line":7,"column":8},"end":{"line":7,"column":9}},"loc":{"start":{"line":7,"column":33},"end":{"line":10,"column":9}},"line":7},"2":{"name":"(anonymous_2)","decl":{"start":{"line":45,"column":26},"end":{"line":45,"column":27}},"loc":{"start":{"line":45,"column":42},"end":{"line":50,"column":13}},"line":45},"3":{"name":"(anonymous_3)","decl":{"start":{"line":55,"column":35},"end":{"line":55,"column":36}},"loc":{"start":{"line":55,"column":61},"end":{"line":57,"column":5}},"line":55}},"branchMap":{"0":{"loc":{"start":{"line":46,"column":16},"end":{"line":49,"column":17}},"type":"if","locations":[{"start":{"line":46,"column":16},"end":{"line":49,"column":17}},{"start":{},"end":{}}],"line":46}},"s":{"0":5,"1":5,"2":5,"3":5,"4":5,"5":6,"6":6,"7":6,"8":5,"9":4,"10":5},"f":{"0":5,"1":5,"2":6,"3":4},"b":{"0":[6,0]},"_coverageSchema":"1a1c01bbd47fc00a2c39e90264f33305004495a9","hash":"928e1cfe54297c6fb31ca982db2e111cf82228c9"}
,"D:\\Hacktiv8\\Phase 2\\Project\\IP-HCK81\\server\\routes\\authRoutes.js": {"path":"D:\\Hacktiv8\\Phase 2\\Project\\IP-HCK81\\server\\routes\\authRoutes.js","statementMap":{"0":{"start":{"line":1,"column":16},"end":{"line":1,"column":34}},"1":{"start":{"line":2,"column":15},"end":{"line":2,"column":31}},"2":{"start":{"line":3,"column":23},"end":{"line":3,"column":63}},"3":{"start":{"line":4,"column":25},"end":{"line":4,"column":62}},"4":{"start":{"line":7,"column":0},"end":{"line":7,"column":50}},"5":{"start":{"line":10,"column":0},"end":{"line":10,"column":44}},"6":{"start":{"line":13,"column":0},"end":{"line":13,"column":51}},"7":{"start":{"line":16,"column":0},"end":{"line":16,"column":64}},"8":{"start":{"line":18,"column":0},"end":{"line":18,"column":24}}},"fnMap":{},"branchMap":{},"s":{"0":3,"1":3,"2":3,"3":3,"4":3,"5":3,"6":3,"7":3,"8":3},"f":{},"b":{},"_coverageSchema":"1a1c01bbd47fc00a2c39e90264f33305004495a9","hash":"0c20690a160b3f1147f525f05930810fce694806"}
,"D:\\Hacktiv8\\Phase 2\\Project\\IP-HCK81\\server\\routes\\gameRoutes.js": {"path":"D:\\Hacktiv8\\Phase 2\\Project\\IP-HCK81\\server\\routes\\gameRoutes.js","statementMap":{"0":{"start":{"line":1,"column":16},"end":{"line":1,"column":34}},"1":{"start":{"line":2,"column":15},"end":{"line":2,"column":31}},"2":{"start":{"line":3,"column":23},"end":{"line":3,"column":63}},"3":{"start":{"line":4,"column":25},"end":{"line":4,"column":62}},"4":{"start":{"line":7,"column":0},"end":{"line":7,"column":25}},"5":{"start":{"line":10,"column":0},"end":{"line":10,"column":46}},"6":{"start":{"line":13,"column":0},"end":{"line":13,"column":69}},"7":{"start":{"line":16,"column":0},"end":{"line":16,"column":77}},"8":{"start":{"line":19,"column":0},"end":{"line":19,"column":71}},"9":{"start":{"line":22,"column":0},"end":{"line":22,"column":73}},"10":{"start":{"line":25,"column":0},"end":{"line":25,"column":75}},"11":{"start":{"line":28,"column":0},"end":{"line":28,"column":56}},"12":{"start":{"line":31,"column":0},"end":{"line":31,"column":67}},"13":{"start":{"line":33,"column":0},"end":{"line":33,"column":24}}},"fnMap":{},"branchMap":{},"s":{"0":3,"1":3,"2":3,"3":3,"4":3,"5":3,"6":3,"7":3,"8":3,"9":3,"10":3,"11":3,"12":3,"13":3},"f":{},"b":{},"_coverageSchema":"1a1c01bbd47fc00a2c39e90264f33305004495a9","hash":"cd04dfd5aa1fb7c2665e30ef97f929935ecc5bb7"}
,"D:\\Hacktiv8\\Phase 2\\Project\\IP-HCK81\\server\\utils\\geminiAI copy 2.js": {"path":"D:\\Hacktiv8\\Phase 2\\Project\\IP-HCK81\\server\\utils\\geminiAI copy 2.js","statementMap":{"0":{"start":{"line":1,"column":0},"end":{"line":1,"column":27}},"1":{"start":{"line":2,"column":65},"end":{"line":2,"column":97}},"2":{"start":{"line":5,"column":14},"end":{"line":5,"column":64}},"3":{"start":{"line":9,"column":4},"end":{"line":243,"column":5}},"4":{"start":{"line":11,"column":22},"end":{"line":172,"column":3}},"5":{"start":{"line":175,"column":33},"end":{"line":181,"column":9}},"6":{"start":{"line":184,"column":32},"end":{"line":190,"column":1}},"7":{"start":{"line":196,"column":23},"end":{"line":199,"column":10}},"8":{"start":{"line":201,"column":25},"end":{"line":201,"column":40}},"9":{"start":{"line":202,"column":21},"end":{"line":202,"column":36}},"10":{"start":{"line":206,"column":26},"end":{"line":206,"column":67}},"11":{"start":{"line":208,"column":8},"end":{"line":223,"column":9}},"12":{"start":{"line":209,"column":34},"end":{"line":209,"column":116}},"13":{"start":{"line":209,"column":57},"end":{"line":209,"column":108}},"14":{"start":{"line":211,"column":31},"end":{"line":215,"column":13}},"15":{"start":{"line":217,"column":37},"end":{"line":220,"column":18}},"16":{"start":{"line":218,"column":16},"end":{"line":218,"column":133}},"17":{"start":{"line":218,"column":68},"end":{"line":218,"column":131}},"18":{"start":{"line":219,"column":16},"end":{"line":219,"column":30}},"19":{"start":{"line":222,"column":12},"end":{"line":222,"column":82}},"20":{"start":{"line":222,"column":58},"end":{"line":222,"column":82}},"21":{"start":{"line":226,"column":8},"end":{"line":239,"column":9}},"22":{"start":{"line":227,"column":35},"end":{"line":227,"column":85}},"23":{"start":{"line":229,"column":37},"end":{"line":233,"column":13}},"24":{"start":{"line":235,"column":12},"end":{"line":235,"column":36}},"25":{"start":{"line":237,"column":12},"end":{"line":237,"column":60}},"26":{"start":{"line":238,"column":12},"end":{"line":238,"column":81}},"27":{"start":{"line":241,"column":8},"end":{"line":241,"column":67}},"28":{"start":{"line":242,"column":8},"end":{"line":242,"column":20}},"29":{"start":{"line":246,"column":0},"end":{"line":246,"column":45}}},"fnMap":{"0":{"name":"generateDialogueOptions","decl":{"start":{"line":8,"column":15},"end":{"line":8,"column":38}},"loc":{"start":{"line":8,"column":64},"end":{"line":244,"column":1}},"line":8},"1":{"name":"(anonymous_1)","decl":{"start":{"line":209,"column":48},"end":{"line":209,"column":49}},"loc":{"start":{"line":209,"column":57},"end":{"line":209,"column":108}},"line":209},"2":{"name":"(anonymous_2)","decl":{"start":{"line":217,"column":71},"end":{"line":217,"column":72}},"loc":{"start":{"line":217,"column":111},"end":{"line":220,"column":13}},"line":217},"3":{"name":"(anonymous_3)","decl":{"start":{"line":218,"column":60},"end":{"line":218,"column":61}},"loc":{"start":{"line":218,"column":68},"end":{"line":218,"column":131}},"line":218}},"branchMap":{"0":{"loc":{"start":{"line":208,"column":8},"end":{"line":223,"column":9}},"type":"if","locations":[{"start":{"line":208,"column":8},"end":{"line":223,"column":9}},{"start":{},"end":{}}],"line":208},"1":{"loc":{"start":{"line":218,"column":68},"end":{"line":218,"column":131}},"type":"binary-expr","locations":[{"start":{"line":218,"column":68},"end":{"line":218,"column":72}},{"start":{"line":218,"column":76},"end":{"line":218,"column":100}},{"start":{"line":218,"column":104},"end":{"line":218,"column":131}}],"line":218},"2":{"loc":{"start":{"line":222,"column":12},"end":{"line":222,"column":82}},"type":"if","locations":[{"start":{"line":222,"column":12},"end":{"line":222,"column":82}},{"start":{},"end":{}}],"line":222},"3":{"loc":{"start":{"line":230,"column":35},"end":{"line":230,"column":117}},"type":"binary-expr","locations":[{"start":{"line":230,"column":35},"end":{"line":230,"column":64}},{"start":{"line":230,"column":68},"end":{"line":230,"column":111}},{"start":{"line":230,"column":115},"end":{"line":230,"column":117}}],"line":230},"4":{"loc":{"start":{"line":231,"column":39},"end":{"line":231,"column":131}},"type":"binary-expr","locations":[{"start":{"line":231,"column":39},"end":{"line":231,"column":73}},{"start":{"line":231,"column":77},"end":{"line":231,"column":125}},{"start":{"line":231,"column":129},"end":{"line":231,"column":131}}],"line":231},"5":{"loc":{"start":{"line":232,"column":32},"end":{"line":232,"column":98}},"type":"binary-expr","locations":[{"start":{"line":232,"column":32},"end":{"line":232,"column":53}},{"start":{"line":232,"column":57},"end":{"line":232,"column":92}},{"start":{"line":232,"column":96},"end":{"line":232,"column":98}}],"line":232}},"s":{"0":0,"1":0,"2":0,"3":0,"4":0,"5":0,"6":0,"7":0,"8":0,"9":0,"10":0,"11":0,"12":0,"13":0,"14":0,"15":0,"16":0,"17":0,"18":0,"19":0,"20":0,"21":0,"22":0,"23":0,"24":0,"25":0,"26":0,"27":0,"28":0,"29":0},"f":{"0":0,"1":0,"2":0,"3":0},"b":{"0":[0,0],"1":[0,0,0],"2":[0,0],"3":[0,0,0],"4":[0,0,0],"5":[0,0,0]}}
,"D:\\Hacktiv8\\Phase 2\\Project\\IP-HCK81\\server\\utils\\geminiAI copy.js": {"path":"D:\\Hacktiv8\\Phase 2\\Project\\IP-HCK81\\server\\utils\\geminiAI copy.js","statementMap":{"0":{"start":{"line":1,"column":0},"end":{"line":1,"column":27}},"1":{"start":{"line":2,"column":31},"end":{"line":2,"column":63}},"2":{"start":{"line":6,"column":14},"end":{"line":6,"column":64}},"3":{"start":{"line":10,"column":4},"end":{"line":55,"column":5}},"4":{"start":{"line":11,"column":22},"end":{"line":11,"column":71}},"5":{"start":{"line":13,"column":23},"end":{"line":20,"column":9}},"6":{"start":{"line":22,"column":32},"end":{"line":39,"column":5}},"7":{"start":{"line":41,"column":23},"end":{"line":41,"column":67}},"8":{"start":{"line":42,"column":25},"end":{"line":42,"column":40}},"9":{"start":{"line":43,"column":21},"end":{"line":43,"column":36}},"10":{"start":{"line":46,"column":26},"end":{"line":46,"column":57}},"11":{"start":{"line":47,"column":8},"end":{"line":49,"column":9}},"12":{"start":{"line":48,"column":12},"end":{"line":48,"column":44}},"13":{"start":{"line":51,"column":8},"end":{"line":51,"column":77}},"14":{"start":{"line":53,"column":8},"end":{"line":53,"column":67}},"15":{"start":{"line":54,"column":8},"end":{"line":54,"column":20}},"16":{"start":{"line":58,"column":0},"end":{"line":58,"column":45}}},"fnMap":{"0":{"name":"generateDialogueOptions","decl":{"start":{"line":9,"column":15},"end":{"line":9,"column":38}},"loc":{"start":{"line":9,"column":64},"end":{"line":56,"column":1}},"line":9}},"branchMap":{"0":{"loc":{"start":{"line":47,"column":8},"end":{"line":49,"column":9}},"type":"if","locations":[{"start":{"line":47,"column":8},"end":{"line":49,"column":9}},{"start":{},"end":{}}],"line":47}},"s":{"0":0,"1":0,"2":0,"3":0,"4":0,"5":0,"6":0,"7":0,"8":0,"9":0,"10":0,"11":0,"12":0,"13":0,"14":0,"15":0,"16":0},"f":{"0":0},"b":{"0":[0,0]}}
,"D:\\Hacktiv8\\Phase 2\\Project\\IP-HCK81\\server\\utils\\geminiAI.js": {"path":"D:\\Hacktiv8\\Phase 2\\Project\\IP-HCK81\\server\\utils\\geminiAI.js","statementMap":{"0":{"start":{"line":1,"column":0},"end":{"line":1,"column":27}},"1":{"start":{"line":2,"column":65},"end":{"line":2,"column":97}},"2":{"start":{"line":5,"column":0},"end":{"line":7,"column":1}},"3":{"start":{"line":6,"column":4},"end":{"line":6,"column":68}},"4":{"start":{"line":10,"column":14},"end":{"line":10,"column":64}},"5":{"start":{"line":13,"column":30},"end":{"line":96,"column":1}},"6":{"start":{"line":100,"column":4},"end":{"line":207,"column":5}},"7":{"start":{"line":102,"column":41},"end":{"line":116,"column":1}},"8":{"start":{"line":113,"column":46},"end":{"line":113,"column":96}},"9":{"start":{"line":118,"column":22},"end":{"line":127,"column":10}},"10":{"start":{"line":130,"column":33},"end":{"line":137,"column":9}},"11":{"start":{"line":140,"column":25},"end":{"line":143,"column":11}},"12":{"start":{"line":140,"column":50},"end":{"line":143,"column":9}},"13":{"start":{"line":146,"column":8},"end":{"line":146,"column":56}},"14":{"start":{"line":147,"column":23},"end":{"line":150,"column":10}},"15":{"start":{"line":153,"column":25},"end":{"line":153,"column":40}},"16":{"start":{"line":156,"column":8},"end":{"line":167,"column":9}},"17":{"start":{"line":157,"column":32},"end":{"line":157,"column":69}},"18":{"start":{"line":158,"column":34},"end":{"line":158,"column":73}},"19":{"start":{"line":159,"column":12},"end":{"line":159,"column":63}},"20":{"start":{"line":160,"column":12},"end":{"line":162,"column":13}},"21":{"start":{"line":161,"column":16},"end":{"line":161,"column":64}},"22":{"start":{"line":163,"column":12},"end":{"line":165,"column":13}},"23":{"start":{"line":164,"column":16},"end":{"line":164,"column":84}},"24":{"start":{"line":166,"column":12},"end":{"line":166,"column":103}},"25":{"start":{"line":169,"column":29},"end":{"line":169,"column":44}},"26":{"start":{"line":170,"column":8},"end":{"line":170,"column":67}},"27":{"start":{"line":172,"column":8},"end":{"line":194,"column":9}},"28":{"start":{"line":174,"column":35},"end":{"line":174,"column":59}},"29":{"start":{"line":177,"column":12},"end":{"line":179,"column":13}},"30":{"start":{"line":178,"column":16},"end":{"line":178,"column":138}},"31":{"start":{"line":180,"column":12},"end":{"line":184,"column":13}},"32":{"start":{"line":181,"column":16},"end":{"line":181,"column":132}},"33":{"start":{"line":187,"column":12},"end":{"line":187,"column":62}},"34":{"start":{"line":188,"column":12},"end":{"line":188,"column":34}},"35":{"start":{"line":191,"column":12},"end":{"line":191,"column":82}},"36":{"start":{"line":192,"column":12},"end":{"line":192,"column":78}},"37":{"start":{"line":193,"column":12},"end":{"line":193,"column":116}},"38":{"start":{"line":198,"column":8},"end":{"line":198,"column":74}},"39":{"start":{"line":200,"column":8},"end":{"line":205,"column":9}},"40":{"start":{"line":201,"column":12},"end":{"line":201,"column":87}},"41":{"start":{"line":202,"column":12},"end":{"line":202,"column":93}},"42":{"start":{"line":204,"column":12},"end":{"line":204,"column":55}},"43":{"start":{"line":206,"column":8},"end":{"line":206,"column":20}},"44":{"start":{"line":210,"column":0},"end":{"line":210,"column":45}}},"fnMap":{"0":{"name":"generateDialogueOptions","decl":{"start":{"line":99,"column":15},"end":{"line":99,"column":38}},"loc":{"start":{"line":99,"column":78},"end":{"line":208,"column":1}},"line":99},"1":{"name":"(anonymous_1)","decl":{"start":{"line":113,"column":39},"end":{"line":113,"column":40}},"loc":{"start":{"line":113,"column":46},"end":{"line":113,"column":96}},"line":113},"2":{"name":"(anonymous_2)","decl":{"start":{"line":140,"column":41},"end":{"line":140,"column":42}},"loc":{"start":{"line":140,"column":50},"end":{"line":143,"column":9}},"line":140}},"branchMap":{"0":{"loc":{"start":{"line":5,"column":0},"end":{"line":7,"column":1}},"type":"if","locations":[{"start":{"line":5,"column":0},"end":{"line":7,"column":1}},{"start":{},"end":{}}],"line":5},"1":{"loc":{"start":{"line":141,"column":18},"end":{"line":141,"column":63}},"type":"cond-expr","locations":[{"start":{"line":141,"column":47},"end":{"line":141,"column":53}},{"start":{"line":141,"column":56},"end":{"line":141,"column":63}}],"line":141},"2":{"loc":{"start":{"line":156,"column":8},"end":{"line":167,"column":9}},"type":"if","locations":[{"start":{"line":156,"column":8},"end":{"line":167,"column":9}},{"start":{},"end":{}}],"line":156},"3":{"loc":{"start":{"line":156,"column":12},"end":{"line":156,"column":116}},"type":"binary-expr","locations":[{"start":{"line":156,"column":12},"end":{"line":156,"column":21}},{"start":{"line":156,"column":25},"end":{"line":156,"column":45}},{"start":{"line":156,"column":49},"end":{"line":156,"column":81}},{"start":{"line":156,"column":85},"end":{"line":156,"column":116}}],"line":156},"4":{"loc":{"start":{"line":160,"column":12},"end":{"line":162,"column":13}},"type":"if","locations":[{"start":{"line":160,"column":12},"end":{"line":162,"column":13}},{"start":{},"end":{}}],"line":160},"5":{"loc":{"start":{"line":163,"column":12},"end":{"line":165,"column":13}},"type":"if","locations":[{"start":{"line":163,"column":12},"end":{"line":165,"column":13}},{"start":{},"end":{}}],"line":163},"6":{"loc":{"start":{"line":166,"column":74},"end":{"line":166,"column":98}},"type":"binary-expr","locations":[{"start":{"line":166,"column":74},"end":{"line":166,"column":85}},{"start":{"line":166,"column":89},"end":{"line":166,"column":98}}],"line":166},"7":{"loc":{"start":{"line":177,"column":12},"end":{"line":179,"column":13}},"type":"if","locations":[{"start":{"line":177,"column":12},"end":{"line":179,"column":13}},{"start":{},"end":{}}],"line":177},"8":{"loc":{"start":{"line":177,"column":16},"end":{"line":177,"column":146}},"type":"binary-expr","locations":[{"start":{"line":177,"column":16},"end":{"line":177,"column":31}},{"start":{"line":177,"column":35},"end":{"line":177,"column":66}},{"start":{"line":177,"column":70},"end":{"line":177,"column":108}},{"start":{"line":177,"column":112},"end":{"line":177,"column":146}}],"line":177},"9":{"loc":{"start":{"line":180,"column":12},"end":{"line":184,"column":13}},"type":"if","locations":[{"start":{"line":180,"column":12},"end":{"line":184,"column":13}},{"start":{},"end":{}}],"line":180},"10":{"loc":{"start":{"line":180,"column":16},"end":{"line":180,"column":109}},"type":"binary-expr","locations":[{"start":{"line":180,"column":16},"end":{"line":180,"column":62}},{"start":{"line":180,"column":66},"end":{"line":180,"column":109}}],"line":180},"11":{"loc":{"start":{"line":181,"column":57},"end":{"line":181,"column":100}},"type":"binary-expr","locations":[{"start":{"line":181,"column":57},"end":{"line":181,"column":95}},{"start":{"line":181,"column":99},"end":{"line":181,"column":100}}],"line":181},"12":{"loc":{"start":{"line":200,"column":8},"end":{"line":205,"column":9}},"type":"if","locations":[{"start":{"line":200,"column":8},"end":{"line":205,"column":9}},{"start":{"line":203,"column":15},"end":{"line":205,"column":9}}],"line":200},"13":{"loc":{"start":{"line":200,"column":12},"end":{"line":200,"column":82}},"type":"binary-expr","locations":[{"start":{"line":200,"column":12},"end":{"line":200,"column":34}},{"start":{"line":200,"column":38},"end":{"line":200,"column":55}},{"start":{"line":200,"column":59},"end":{"line":200,"column":82}}],"line":200}},"s":{"0":2,"1":2,"2":2,"3":0,"4":2,"5":2,"6":0,"7":0,"8":0,"9":0,"10":0,"11":0,"12":0,"13":0,"14":0,"15":0,"16":0,"17":0,"18":0,"19":0,"20":0,"21":0,"22":0,"23":0,"24":0,"25":0,"26":0,"27":0,"28":0,"29":0,"30":0,"31":0,"32":0,"33":0,"34":0,"35":0,"36":0,"37":0,"38":0,"39":0,"40":0,"41":0,"42":0,"43":0,"44":2},"f":{"0":0,"1":0,"2":0},"b":{"0":[0,2],"1":[0,0],"2":[0,0],"3":[0,0,0,0],"4":[0,0],"5":[0,0],"6":[0,0],"7":[0,0],"8":[0,0,0,0],"9":[0,0],"10":[0,0],"11":[0,0],"12":[0,0],"13":[0,0,0]},"_coverageSchema":"1a1c01bbd47fc00a2c39e90264f33305004495a9","hash":"d3357fc873e9c5c70ccb03943b77ec12f9a374a7"}
}
