TN:
SF:app.js
FN:19,(anonymous_0)
FN:24,(anonymous_1)
FNF:2
FNH:2
FNDA:2,(anonymous_0)
FNDA:3,(anonymous_1)
DA:1,5
DA:2,5
DA:3,5
DA:4,5
DA:5,5
DA:6,5
DA:7,5
DA:10,5
DA:11,5
DA:15,5
DA:16,5
DA:19,5
DA:20,2
DA:24,5
DA:25,3
DA:26,3
DA:29,5
LF:17
LH:17
BRF:0
BRH:0
end_of_record
TN:
SF:config\config.js
FNF:0
FNH:0
DA:1,9
DA:3,9
LF:2
LH:2
BRF:0
BRH:0
end_of_record
TN:
SF:controllers\authController.js
FN:9,(anonymous_0)
FN:43,(anonymous_1)
FN:50,(anonymous_2)
FN:84,(anonymous_3)
FN:150,(anonymous_4)
FNF:5
FNH:5
FNDA:13,(anonymous_0)
FNDA:9,(anonymous_1)
FNDA:7,(anonymous_2)
FNDA:2,(anonymous_3)
FNDA:1,(anonymous_4)
DA:2,5
DA:3,5
DA:4,5
DA:6,5
DA:8,5
DA:10,13
DA:11,13
DA:14,13
DA:15,9
DA:16,2
DA:20,7
DA:27,2
DA:29,2
DA:39,9
DA:40,9
DA:41,4
DA:43,9
DA:46,5
DA:51,7
DA:52,7
DA:55,7
DA:56,4
DA:57,2
DA:61,2
DA:62,2
DA:63,1
DA:67,1
DA:69,1
DA:79,3
DA:80,3
DA:85,2
DA:86,2
DA:89,2
DA:94,2
DA:95,2
DA:97,2
DA:100,2
DA:101,2
DA:103,2
DA:105,1
DA:112,1
DA:115,1
DA:116,0
DA:121,2
DA:132,2
DA:144,0
DA:145,0
DA:151,1
DA:158,5
LF:49
LH:46
BRDA:15,0,0,2
BRDA:15,0,1,7
BRDA:40,1,0,4
BRDA:40,1,1,5
BRDA:56,2,0,2
BRDA:56,2,1,2
BRDA:62,3,0,1
BRDA:62,3,1,1
BRDA:103,4,0,1
BRDA:103,4,1,1
BRDA:115,5,0,0
BRDA:115,5,1,1
BRDA:133,6,0,1
BRDA:133,6,1,1
BRDA:139,7,0,2
BRDA:139,7,1,0
BRF:16
BRH:14
end_of_record
TN:
SF:controllers\gameController.js
FN:6,(anonymous_0)
FN:15,(anonymous_1)
FN:52,(anonymous_2)
FN:65,(anonymous_3)
FN:84,(anonymous_4)
FN:95,(anonymous_5)
FN:96,(anonymous_6)
FN:121,(anonymous_7)
FN:131,(anonymous_8)
FN:133,(anonymous_9)
FN:190,(anonymous_10)
FN:200,(anonymous_11)
FN:207,(anonymous_12)
FN:220,(anonymous_13)
FN:240,(anonymous_14)
FN:256,(anonymous_15)
FN:275,(anonymous_16)
FN:301,(anonymous_17)
FN:316,(anonymous_18)
FNF:19
FNH:17
FNDA:11,(anonymous_0)
FNDA:2,(anonymous_1)
FNDA:2,(anonymous_2)
FNDA:3,(anonymous_3)
FNDA:5,(anonymous_4)
FNDA:8,(anonymous_5)
FNDA:7,(anonymous_6)
FNDA:4,(anonymous_7)
FNDA:4,(anonymous_8)
FNDA:4,(anonymous_9)
FNDA:16,(anonymous_10)
FNDA:0,(anonymous_11)
FNDA:0,(anonymous_12)
FNDA:1,(anonymous_13)
FNDA:1,(anonymous_14)
FNDA:3,(anonymous_15)
FNDA:1,(anonymous_16)
FNDA:1,(anonymous_17)
FNDA:4,(anonymous_18)
DA:1,5
DA:2,5
DA:3,5
DA:6,5
DA:7,11
DA:8,11
DA:9,2
DA:11,9
DA:15,5
DA:16,2
DA:48,2
DA:52,5
DA:53,2
DA:61,2
DA:64,5
DA:66,3
DA:67,3
DA:72,2
DA:73,2
DA:75,2
DA:80,1
DA:85,5
DA:86,5
DA:87,5
DA:89,4
DA:90,4
DA:95,8
DA:96,7
DA:103,4
DA:117,4
DA:119,4
DA:120,4
DA:121,4
DA:129,4
DA:130,2
DA:132,4
DA:133,4
DA:135,4
DA:136,2
DA:143,4
DA:144,4
DA:145,4
DA:148,4
DA:150,4
DA:151,2
DA:152,2
DA:154,4
DA:155,2
DA:156,2
DA:158,4
DA:159,2
DA:160,2
DA:162,4
DA:163,2
DA:164,2
DA:167,1
DA:168,1
DA:171,1
DA:174,4
DA:175,1
DA:177,4
DA:178,0
DA:181,4
DA:182,4
DA:184,0
DA:188,4
DA:190,16
DA:196,1
DA:201,0
DA:202,0
DA:203,0
DA:206,0
DA:207,0
DA:210,0
DA:211,0
DA:213,0
DA:215,0
DA:216,0
DA:221,1
DA:222,1
DA:223,1
DA:225,1
DA:227,1
DA:234,1
DA:236,0
DA:241,1
DA:242,1
DA:243,1
DA:245,1
DA:250,1
DA:252,0
DA:257,3
DA:258,3
DA:259,3
DA:261,2
DA:271,1
DA:276,1
DA:277,1
DA:278,1
DA:280,1
DA:294,1
DA:296,0
DA:302,1
DA:303,1
DA:305,1
DA:310,1
DA:312,0
DA:317,4
DA:318,4
DA:319,4
DA:322,4
DA:329,4
DA:330,2
DA:335,2
DA:338,1
DA:341,1
DA:343,1
DA:345,1
DA:346,1
DA:351,5
LF:120
LH:104
BRDA:8,0,0,2
BRDA:8,0,1,9
BRDA:109,1,0,4
BRDA:109,1,1,0
BRDA:111,2,0,0
BRDA:111,2,1,0
BRDA:119,3,0,4
BRDA:119,3,1,0
BRDA:129,4,0,2
BRDA:129,4,1,2
BRDA:133,5,0,4
BRDA:133,5,1,2
BRDA:135,6,0,2
BRDA:135,6,1,2
BRDA:143,7,0,4
BRDA:143,7,1,0
BRDA:150,8,0,2
BRDA:150,8,1,2
BRDA:152,9,0,1
BRDA:152,9,1,1
BRDA:154,10,0,2
BRDA:154,10,1,2
BRDA:156,11,0,1
BRDA:156,11,1,1
BRDA:158,12,0,2
BRDA:158,12,1,2
BRDA:160,13,0,1
BRDA:160,13,1,1
BRDA:162,14,0,2
BRDA:162,14,1,2
BRDA:164,15,0,2
BRDA:164,15,1,0
BRDA:167,16,0,1
BRDA:167,16,1,0
BRDA:167,17,0,1
BRDA:167,17,1,1
BRDA:167,17,2,1
BRDA:174,18,0,1
BRDA:174,18,1,3
BRDA:174,19,0,4
BRDA:174,19,1,2
BRDA:177,20,0,0
BRDA:177,20,1,4
BRDA:192,21,0,16
BRDA:192,21,1,0
BRDA:267,22,0,2
BRDA:267,22,1,0
BRDA:329,23,0,2
BRDA:329,23,1,2
BRF:49
BRH:39
end_of_record
TN:
SF:middleware\authenticate.js
FN:4,(anonymous_0)
FNF:1
FNH:1
FNDA:41,(anonymous_0)
DA:1,7
DA:2,7
DA:4,7
DA:5,41
DA:7,41
DA:8,41
DA:9,8
DA:13,33
DA:16,33
DA:19,26
DA:20,23
DA:21,1
DA:25,22
DA:31,22
DA:33,10
DA:34,7
DA:36,3
DA:37,3
DA:41,7
LF:19
LH:19
BRDA:8,0,0,8
BRDA:8,0,1,33
BRDA:8,1,0,41
BRDA:8,1,1,36
BRDA:20,2,0,1
BRDA:20,2,1,22
BRDA:33,3,0,7
BRDA:33,3,1,3
BRDA:33,4,0,10
BRDA:33,4,1,4
BRF:10
BRH:10
end_of_record
TN:
SF:models\Character.js
FN:4,(anonymous_0)
FN:6,(anonymous_1)
FNF:2
FNH:2
FNDA:9,(anonymous_0)
FNDA:9,(anonymous_1)
DA:2,9
DA:4,9
DA:8,9
DA:11,9
DA:19,9
DA:44,9
LF:6
LH:6
BRF:0
BRH:0
end_of_record
TN:
SF:models\DialogueHistory.js
FN:4,(anonymous_0)
FN:6,(anonymous_1)
FNF:2
FNH:2
FNDA:9,(anonymous_0)
FNDA:9,(anonymous_1)
DA:2,9
DA:4,9
DA:8,9
DA:12,9
DA:20,9
DA:47,9
LF:6
LH:6
BRF:0
BRH:0
end_of_record
TN:
SF:models\GameSession.js
FN:4,(anonymous_0)
FN:6,(anonymous_1)
FNF:2
FNH:2
FNDA:9,(anonymous_0)
FNDA:9,(anonymous_1)
DA:2,9
DA:4,9
DA:8,9
DA:11,9
DA:14,9
DA:71,9
LF:6
LH:6
BRF:0
BRH:0
end_of_record
TN:
SF:routes\authRoutes.js
FNF:0
FNH:0
DA:1,5
DA:2,5
DA:3,5
DA:4,5
DA:7,5
DA:10,5
DA:13,5
DA:16,5
DA:18,5
LF:9
LH:9
BRF:0
BRH:0
end_of_record
TN:
SF:routes\gameRoutes.js
FNF:0
FNH:0
DA:1,5
DA:2,5
DA:3,5
DA:4,5
DA:7,5
DA:10,5
DA:13,5
DA:16,5
DA:19,5
DA:22,5
DA:25,5
DA:27,5
DA:30,5
DA:33,5
DA:35,5
LF:15
LH:15
BRF:0
BRH:0
end_of_record
