TN:
SF:app.js
FN:19,(anonymous_0)
FN:24,(anonymous_1)
FNF:2
FNH:2
FNDA:2,(anonymous_0)
FNDA:3,(anonymous_1)
DA:1,5
DA:2,5
DA:3,5
DA:4,5
DA:5,5
DA:6,5
DA:7,5
DA:10,5
DA:11,5
DA:15,5
DA:16,5
DA:19,5
DA:20,2
DA:24,5
DA:25,3
DA:26,3
DA:29,5
LF:17
LH:17
BRF:0
BRH:0
end_of_record
TN:
SF:config\config.js
FNF:0
FNH:0
DA:1,9
DA:3,9
LF:2
LH:2
BRF:0
BRH:0
end_of_record
TN:
SF:controllers\authController.js
FN:9,(anonymous_0)
FN:43,(anonymous_1)
FN:50,(anonymous_2)
FN:84,(anonymous_3)
FN:150,(anonymous_4)
FNF:5
FNH:5
FNDA:13,(anonymous_0)
FNDA:9,(anonymous_1)
FNDA:7,(anonymous_2)
FNDA:2,(anonymous_3)
FNDA:1,(anonymous_4)
DA:2,5
DA:3,5
DA:4,5
DA:6,5
DA:8,5
DA:10,13
DA:11,13
DA:14,13
DA:15,9
DA:16,2
DA:20,7
DA:27,2
DA:29,2
DA:39,9
DA:40,9
DA:41,4
DA:43,9
DA:46,5
DA:51,7
DA:52,7
DA:55,7
DA:56,4
DA:57,2
DA:61,2
DA:62,2
DA:63,1
DA:67,1
DA:69,1
DA:79,3
DA:80,3
DA:85,2
DA:86,2
DA:89,2
DA:94,2
DA:95,2
DA:97,2
DA:100,2
DA:101,2
DA:103,2
DA:105,1
DA:112,1
DA:115,1
DA:116,0
DA:121,2
DA:132,2
DA:144,0
DA:145,0
DA:151,1
DA:158,5
LF:49
LH:46
BRDA:15,0,0,2
BRDA:15,0,1,7
BRDA:40,1,0,4
BRDA:40,1,1,5
BRDA:56,2,0,2
BRDA:56,2,1,2
BRDA:62,3,0,1
BRDA:62,3,1,1
BRDA:103,4,0,1
BRDA:103,4,1,1
BRDA:115,5,0,0
BRDA:115,5,1,1
BRDA:133,6,0,1
BRDA:133,6,1,1
BRDA:139,7,0,2
BRDA:139,7,1,0
BRF:16
BRH:14
end_of_record
TN:
SF:controllers\gameController.js
FN:5,(anonymous_0)
FN:14,(anonymous_1)
FN:51,(anonymous_2)
FN:64,(anonymous_3)
FN:83,(anonymous_4)
FN:94,(anonymous_5)
FN:95,(anonymous_6)
FN:120,(anonymous_7)
FN:130,(anonymous_8)
FN:132,(anonymous_9)
FN:186,(anonymous_10)
FN:196,(anonymous_11)
FN:216,(anonymous_12)
FN:232,(anonymous_13)
FN:251,(anonymous_14)
FN:277,(anonymous_15)
FN:292,(anonymous_16)
FNF:17
FNH:17
FNDA:11,(anonymous_0)
FNDA:2,(anonymous_1)
FNDA:2,(anonymous_2)
FNDA:3,(anonymous_3)
FNDA:5,(anonymous_4)
FNDA:8,(anonymous_5)
FNDA:7,(anonymous_6)
FNDA:4,(anonymous_7)
FNDA:4,(anonymous_8)
FNDA:4,(anonymous_9)
FNDA:16,(anonymous_10)
FNDA:1,(anonymous_11)
FNDA:1,(anonymous_12)
FNDA:3,(anonymous_13)
FNDA:1,(anonymous_14)
FNDA:1,(anonymous_15)
FNDA:4,(anonymous_16)
DA:1,5
DA:2,5
DA:5,5
DA:6,11
DA:7,11
DA:8,2
DA:10,9
DA:14,5
DA:15,2
DA:47,2
DA:51,5
DA:52,2
DA:60,2
DA:63,5
DA:65,3
DA:66,3
DA:71,2
DA:72,2
DA:74,2
DA:79,1
DA:84,5
DA:85,5
DA:86,5
DA:88,4
DA:89,4
DA:94,8
DA:95,7
DA:102,4
DA:116,4
DA:118,4
DA:119,4
DA:120,4
DA:128,4
DA:129,2
DA:131,4
DA:132,4
DA:134,4
DA:135,2
DA:142,4
DA:143,4
DA:146,4
DA:147,2
DA:148,2
DA:150,4
DA:151,2
DA:152,2
DA:154,4
DA:155,2
DA:156,2
DA:158,4
DA:159,2
DA:161,2
DA:162,2
DA:165,1
DA:166,0
DA:169,1
DA:170,1
DA:173,4
DA:174,1
DA:177,4
DA:178,4
DA:180,0
DA:184,4
DA:186,16
DA:192,1
DA:197,1
DA:198,1
DA:199,1
DA:201,1
DA:203,1
DA:210,1
DA:212,0
DA:217,1
DA:218,1
DA:219,1
DA:221,1
DA:226,1
DA:228,0
DA:233,3
DA:234,3
DA:235,3
DA:237,2
DA:247,1
DA:252,1
DA:253,1
DA:254,1
DA:256,1
DA:270,1
DA:272,0
DA:278,1
DA:279,1
DA:281,1
DA:286,1
DA:288,0
DA:293,4
DA:294,4
DA:295,4
DA:298,4
DA:305,4
DA:306,2
DA:311,2
DA:314,1
DA:317,1
DA:319,1
DA:321,1
DA:322,1
DA:327,5
LF:107
LH:101
BRDA:7,0,0,2
BRDA:7,0,1,9
BRDA:108,1,0,4
BRDA:108,1,1,0
BRDA:110,2,0,0
BRDA:110,2,1,0
BRDA:118,3,0,4
BRDA:118,3,1,0
BRDA:128,4,0,2
BRDA:128,4,1,2
BRDA:132,5,0,4
BRDA:132,5,1,2
BRDA:134,6,0,2
BRDA:134,6,1,2
BRDA:142,7,0,4
BRDA:142,7,1,0
BRDA:146,8,0,2
BRDA:146,8,1,2
BRDA:148,9,0,1
BRDA:148,9,1,1
BRDA:150,10,0,2
BRDA:150,10,1,2
BRDA:152,11,0,1
BRDA:152,11,1,1
BRDA:154,12,0,2
BRDA:154,12,1,2
BRDA:156,13,0,1
BRDA:156,13,1,1
BRDA:158,14,0,2
BRDA:158,14,1,2
BRDA:161,15,0,2
BRDA:161,15,1,0
BRDA:165,16,0,0
BRDA:165,16,1,1
BRDA:165,17,0,1
BRDA:165,17,1,1
BRDA:165,17,2,1
BRDA:173,18,0,1
BRDA:173,18,1,3
BRDA:173,19,0,4
BRDA:173,19,1,2
BRDA:188,20,0,16
BRDA:188,20,1,0
BRDA:243,21,0,2
BRDA:243,21,1,0
BRDA:305,22,0,2
BRDA:305,22,1,2
BRF:47
BRH:38
end_of_record
TN:
SF:middleware\authenticate.js
FN:4,(anonymous_0)
FNF:1
FNH:1
FNDA:41,(anonymous_0)
DA:1,7
DA:2,7
DA:4,7
DA:5,41
DA:7,41
DA:8,41
DA:9,8
DA:13,33
DA:16,33
DA:19,26
DA:20,23
DA:21,1
DA:25,22
DA:31,22
DA:33,10
DA:34,7
DA:36,3
DA:37,3
DA:41,7
LF:19
LH:19
BRDA:8,0,0,8
BRDA:8,0,1,33
BRDA:8,1,0,41
BRDA:8,1,1,36
BRDA:20,2,0,1
BRDA:20,2,1,22
BRDA:33,3,0,7
BRDA:33,3,1,3
BRDA:33,4,0,10
BRDA:33,4,1,4
BRF:10
BRH:10
end_of_record
TN:
SF:models\Character.js
FN:4,(anonymous_0)
FN:6,(anonymous_1)
FNF:2
FNH:2
FNDA:9,(anonymous_0)
FNDA:9,(anonymous_1)
DA:2,9
DA:4,9
DA:8,9
DA:11,9
DA:19,9
DA:44,9
LF:6
LH:6
BRF:0
BRH:0
end_of_record
TN:
SF:models\DialogueHistory.js
FN:4,(anonymous_0)
FN:6,(anonymous_1)
FNF:2
FNH:2
FNDA:9,(anonymous_0)
FNDA:9,(anonymous_1)
DA:2,9
DA:4,9
DA:8,9
DA:12,9
DA:20,9
DA:47,9
LF:6
LH:6
BRF:0
BRH:0
end_of_record
TN:
SF:models\GameSession.js
FN:4,(anonymous_0)
FN:6,(anonymous_1)
FNF:2
FNH:2
FNDA:9,(anonymous_0)
FNDA:9,(anonymous_1)
DA:2,9
DA:4,9
DA:8,9
DA:11,9
DA:14,9
DA:71,9
LF:6
LH:6
BRF:0
BRH:0
end_of_record
TN:
SF:routes\authRoutes.js
FNF:0
FNH:0
DA:1,5
DA:2,5
DA:3,5
DA:4,5
DA:7,5
DA:10,5
DA:13,5
DA:16,5
DA:18,5
LF:9
LH:9
BRF:0
BRH:0
end_of_record
TN:
SF:routes\gameRoutes.js
FNF:0
FNH:0
DA:1,5
DA:2,5
DA:3,5
DA:4,5
DA:7,5
DA:10,5
DA:13,5
DA:16,5
DA:19,5
DA:22,5
DA:25,5
DA:28,5
DA:31,5
DA:33,5
LF:14
LH:14
BRF:0
BRH:0
end_of_record
